2025-05-27 00:15:10,968 - INFO - Initialized TF-IDF vectorizer
2025-05-27 00:15:10,971 - INFO - Loading faiss with AVX512 support.
2025-05-27 00:15:10,972 - INFO - Could not load library with AVX512 support due to:
ModuleNotFoundError("No module named 'faiss.swigfaiss_avx512'")
2025-05-27 00:15:10,972 - INFO - Loading faiss with AVX2 support.
2025-05-27 00:15:10,996 - INFO - Successfully loaded faiss with AVX2 support.
2025-05-27 00:15:11,002 - INFO - Failed to load GPU Faiss: name 'GpuIndexIVFFlat' is not defined. Will not load constructor refs for GPU indexes. This is only an error if you're trying to use GPU Faiss.
2025-05-27 00:15:11,002 - INFO - Initialized VectorStore with dim=384, index_type=L2
2025-05-27 00:15:11,016 - INFO - Starting to process file: data/raw_exports/Viwat  Default Payway integration.json
2025-05-27 00:15:11,017 - INFO - Reading file: data/raw_exports/Viwat  Default Payway integration.json
2025-05-27 00:15:11,019 - INFO - Successfully loaded 349 messages from data/raw_exports/Viwat  Default Payway integration.json
2025-05-27 00:15:11,019 - INFO - Generating chunks from messages
2025-05-27 00:15:11,020 - INFO - Starting to chunk 349 messages
2025-05-27 00:15:11,020 - INFO - Processing batch 1 (100 messages)
2025-05-27 00:15:11,023 - INFO - Processing batch 2 (100 messages)
2025-05-27 00:15:11,025 - INFO - Processing batch 3 (100 messages)
2025-05-27 00:15:11,027 - INFO - Processing batch 4 (49 messages)
2025-05-27 00:15:11,028 - INFO - Generated 333 chunks
2025-05-27 00:15:11,029 - INFO - Generating embeddings
2025-05-27 00:15:11,042 - INFO - Generated embeddings for 333 chunks with shape (333, 699)
2025-05-27 00:15:11,042 - INFO - Generated embeddings with shape (333, 699)
2025-05-27 00:15:11,042 - INFO - Adding vectors to store
2025-05-27 00:15:11,043 - ERROR - Error adding vectors to index: 
2025-05-27 00:15:11,043 - ERROR - Error processing file data/raw_exports/Viwat  Default Payway integration.json: 
2025-05-27 00:15:11,045 - ERROR - Traceback: Traceback (most recent call last):
  File "D:\pythonProject\rag_telegram_chatbot\app\data_loader.py", line 83, in process_new_export
    vector_store.add_vectors(embeddings, chunks)
  File "D:\pythonProject\rag_telegram_chatbot\app\vector_store.py", line 57, in add_vectors
    self.index.add(batch_vectors)
  File "D:\pythonProject\rag_telegram_chatbot\.venv\Lib\site-packages\faiss\class_wrappers.py", line 228, in replacement_add
    assert d == self.d
           ^^^^^^^^^^^
AssertionError

2025-05-27 00:15:52,242 - INFO - Initialized TF-IDF vectorizer with dimension 384
2025-05-27 00:15:52,245 - INFO - Loading faiss with AVX512 support.
2025-05-27 00:15:52,245 - INFO - Could not load library with AVX512 support due to:
ModuleNotFoundError("No module named 'faiss.swigfaiss_avx512'")
2025-05-27 00:15:52,246 - INFO - Loading faiss with AVX2 support.
2025-05-27 00:15:52,295 - INFO - Successfully loaded faiss with AVX2 support.
2025-05-27 00:15:52,299 - INFO - Failed to load GPU Faiss: name 'GpuIndexIVFFlat' is not defined. Will not load constructor refs for GPU indexes. This is only an error if you're trying to use GPU Faiss.
2025-05-27 00:15:52,299 - INFO - Initialized VectorStore with dim=384, index_type=L2
2025-05-27 00:15:52,310 - INFO - Starting to process file: data/raw_exports/Viwat  Default Payway integration.json
2025-05-27 00:15:52,311 - INFO - Reading file: data/raw_exports/Viwat  Default Payway integration.json
2025-05-27 00:15:52,313 - INFO - Successfully loaded 349 messages from data/raw_exports/Viwat  Default Payway integration.json
2025-05-27 00:15:52,313 - INFO - Generating chunks from messages
2025-05-27 00:15:52,313 - INFO - Starting to chunk 349 messages
2025-05-27 00:15:52,314 - INFO - Processing batch 1 (100 messages)
2025-05-27 00:15:52,316 - INFO - Processing batch 2 (100 messages)
2025-05-27 00:15:52,318 - INFO - Processing batch 3 (100 messages)
2025-05-27 00:15:52,319 - INFO - Processing batch 4 (49 messages)
2025-05-27 00:15:52,321 - INFO - Generated 333 chunks
2025-05-27 00:15:52,321 - INFO - Generating embeddings
2025-05-27 00:15:52,544 - INFO - Generated embeddings for 333 chunks with shape (333, 333)
2025-05-27 00:15:52,545 - INFO - Generated embeddings with shape (333, 333)
2025-05-27 00:15:52,545 - INFO - Adding vectors to store
2025-05-27 00:15:52,545 - ERROR - Error adding vectors to index: 
2025-05-27 00:15:52,545 - ERROR - Error processing file data/raw_exports/Viwat  Default Payway integration.json: 
2025-05-27 00:15:52,547 - ERROR - Traceback: Traceback (most recent call last):
  File "D:\pythonProject\rag_telegram_chatbot\app\data_loader.py", line 83, in process_new_export
    vector_store.add_vectors(embeddings, chunks)
  File "D:\pythonProject\rag_telegram_chatbot\app\vector_store.py", line 57, in add_vectors
    self.index.add(batch_vectors)
  File "D:\pythonProject\rag_telegram_chatbot\.venv\Lib\site-packages\faiss\class_wrappers.py", line 228, in replacement_add
    assert d == self.d
           ^^^^^^^^^^^
AssertionError

2025-05-27 00:16:41,466 - INFO - Initialized TF-IDF vectorizer with dimension 384
2025-05-27 00:16:41,469 - INFO - Loading faiss with AVX512 support.
2025-05-27 00:16:41,470 - INFO - Could not load library with AVX512 support due to:
ModuleNotFoundError("No module named 'faiss.swigfaiss_avx512'")
2025-05-27 00:16:41,470 - INFO - Loading faiss with AVX2 support.
2025-05-27 00:16:41,524 - INFO - Successfully loaded faiss with AVX2 support.
2025-05-27 00:16:41,528 - INFO - Failed to load GPU Faiss: name 'GpuIndexIVFFlat' is not defined. Will not load constructor refs for GPU indexes. This is only an error if you're trying to use GPU Faiss.
2025-05-27 00:16:41,529 - INFO - Initialized VectorStore with dim=384, index_type=L2
2025-05-27 00:16:41,540 - INFO - Starting to process file: data/raw_exports/Viwat  Default Payway integration.json
2025-05-27 00:16:41,540 - INFO - Reading file: data/raw_exports/Viwat  Default Payway integration.json
2025-05-27 00:16:41,543 - INFO - Successfully loaded 349 messages from data/raw_exports/Viwat  Default Payway integration.json
2025-05-27 00:16:41,543 - INFO - Generating chunks from messages
2025-05-27 00:16:41,543 - INFO - Starting to chunk 349 messages
2025-05-27 00:16:41,543 - INFO - Processing batch 1 (100 messages)
2025-05-27 00:16:41,546 - INFO - Processing batch 2 (100 messages)
2025-05-27 00:16:41,548 - INFO - Processing batch 3 (100 messages)
2025-05-27 00:16:41,549 - INFO - Processing batch 4 (49 messages)
2025-05-27 00:16:41,551 - INFO - Generated 333 chunks
2025-05-27 00:16:41,551 - INFO - Generating embeddings
2025-05-27 00:16:41,760 - INFO - Generated embeddings for 333 chunks with shape (333, 384)
2025-05-27 00:16:41,761 - INFO - Generated embeddings with shape (333, 384)
2025-05-27 00:16:41,761 - INFO - Adding vectors to store
2025-05-27 00:16:41,769 - INFO - Added batch of 333 vectors. Total vectors: 333
2025-05-27 00:16:41,769 - INFO - Saving vector store to data/embeddings/faiss_index.idx
2025-05-27 00:16:41,776 - INFO - Saved index to data/embeddings/faiss_index.idx with 333 vectors
2025-05-27 00:16:41,778 - INFO - Updated processing info for data/raw_exports/Viwat  Default Payway integration.json
2025-05-27 00:16:41,778 - INFO - Successfully processed file data/raw_exports/Viwat  Default Payway integration.json
2025-05-27 00:16:41,794 - INFO - Generated response for query: What is the main issue discussed about Payway inte...
2025-05-27 00:16:41,803 - INFO - Generated response for query: What solutions or steps were proposed for the inte...
2025-05-27 00:16:41,810 - INFO - Generated response for query: What are the key technical requirements mentioned?...
2025-05-27 00:16:41,818 - INFO - Generated response for query: Were there any specific problems or errors discuss...
2025-05-27 00:19:24,668 - INFO - Initialized TF-IDF vectorizer with dimension 384
2025-05-27 00:19:24,675 - INFO - Loading faiss with AVX512 support.
2025-05-27 00:19:24,676 - INFO - Could not load library with AVX512 support due to:
ModuleNotFoundError("No module named 'faiss.swigfaiss_avx512'")
2025-05-27 00:19:24,676 - INFO - Loading faiss with AVX2 support.
2025-05-27 00:19:24,726 - INFO - Successfully loaded faiss with AVX2 support.
2025-05-27 00:19:24,730 - INFO - Failed to load GPU Faiss: name 'GpuIndexIVFFlat' is not defined. Will not load constructor refs for GPU indexes. This is only an error if you're trying to use GPU Faiss.
2025-05-27 00:19:24,731 - INFO - Initialized VectorStore with dim=384, index_type=L2
2025-05-27 00:19:24,741 - INFO - Starting to process file: data/raw_exports/Viwat  Default Payway integration.json
2025-05-27 00:19:24,742 - INFO - Reading file: data/raw_exports/Viwat  Default Payway integration.json
2025-05-27 00:19:24,746 - INFO - Successfully loaded 349 messages from data/raw_exports/Viwat  Default Payway integration.json
2025-05-27 00:19:24,746 - INFO - Generating chunks from messages
2025-05-27 00:19:24,746 - INFO - Starting to chunk 349 messages
2025-05-27 00:19:24,747 - INFO - Processing batch 1 (100 messages)
2025-05-27 00:19:24,749 - INFO - Processing batch 2 (100 messages)
2025-05-27 00:19:24,751 - INFO - Processing batch 3 (100 messages)
2025-05-27 00:19:24,753 - INFO - Processing batch 4 (49 messages)
2025-05-27 00:19:24,754 - INFO - Generated 333 chunks
2025-05-27 00:19:24,754 - INFO - Generating embeddings
2025-05-27 00:19:24,920 - INFO - Generated embeddings for 333 chunks with shape (333, 384)
2025-05-27 00:19:24,921 - INFO - Generated embeddings with shape (333, 384)
2025-05-27 00:19:24,921 - INFO - Adding vectors to store
2025-05-27 00:19:24,922 - INFO - Added batch of 333 vectors. Total vectors: 333
2025-05-27 00:19:24,922 - INFO - Saving vector store to data/embeddings/faiss_index.idx
2025-05-27 00:19:24,937 - INFO - Saved index to data/embeddings/faiss_index.idx with 333 vectors
2025-05-27 00:19:24,938 - INFO - Updated processing info for data/raw_exports/Viwat  Default Payway integration.json
2025-05-27 00:19:24,939 - INFO - Successfully processed file data/raw_exports/Viwat  Default Payway integration.json
2025-05-27 00:22:52,273 - INFO - Initialized TF-IDF vectorizer with dimension 384
2025-05-27 00:22:52,275 - INFO - Loading faiss with AVX512 support.
2025-05-27 00:22:52,276 - INFO - Could not load library with AVX512 support due to:
ModuleNotFoundError("No module named 'faiss.swigfaiss_avx512'")
2025-05-27 00:22:52,276 - INFO - Loading faiss with AVX2 support.
2025-05-27 00:22:52,359 - INFO - Successfully loaded faiss with AVX2 support.
2025-05-27 00:22:52,370 - INFO - Failed to load GPU Faiss: name 'GpuIndexIVFFlat' is not defined. Will not load constructor refs for GPU indexes. This is only an error if you're trying to use GPU Faiss.
2025-05-27 00:22:52,370 - INFO - Initialized VectorStore with dim=384, index_type=L2
2025-05-27 00:22:52,388 - INFO - Starting to process file: data/raw_exports/Viwat  Default Payway integration.json
2025-05-27 00:22:52,388 - INFO - Reading file: data/raw_exports/Viwat  Default Payway integration.json
2025-05-27 00:22:52,391 - INFO - Successfully loaded 349 messages from data/raw_exports/Viwat  Default Payway integration.json
2025-05-27 00:22:52,391 - INFO - Generating chunks from messages
2025-05-27 00:22:52,391 - INFO - Starting to chunk 349 messages
2025-05-27 00:22:52,391 - INFO - Processing batch 1 (100 messages)
2025-05-27 00:22:52,394 - INFO - Processing batch 2 (100 messages)
2025-05-27 00:22:52,396 - INFO - Processing batch 3 (100 messages)
2025-05-27 00:22:52,399 - INFO - Processing batch 4 (49 messages)
2025-05-27 00:22:52,400 - INFO - Generated 340 chunks
2025-05-27 00:22:52,401 - INFO - Generating embeddings
2025-05-27 00:22:52,618 - INFO - Generated embeddings for 340 chunks with shape (340, 384)
2025-05-27 00:22:52,618 - INFO - Generated embeddings with shape (340, 384)
2025-05-27 00:22:52,619 - INFO - Adding vectors to store
2025-05-27 00:22:52,619 - INFO - Added batch of 340 vectors. Total vectors: 340
2025-05-27 00:22:52,619 - INFO - Saving vector store to data/embeddings/faiss_index.idx
2025-05-27 00:22:52,626 - INFO - Saved index to data/embeddings/faiss_index.idx with 340 vectors
2025-05-27 00:22:52,627 - INFO - Updated processing info for data/raw_exports/Viwat  Default Payway integration.json
2025-05-27 00:22:52,627 - INFO - Successfully processed file data/raw_exports/Viwat  Default Payway integration.json
2025-05-27 00:22:52,637 - INFO - Generated response for query: What is the main issue discussed about Payway inte...
2025-05-27 00:22:52,641 - INFO - Generated response for query: What solutions or steps were proposed for the inte...
2025-05-27 00:22:52,645 - INFO - Generated response for query: What are the key technical requirements mentioned?...
2025-05-27 00:22:52,650 - INFO - Generated response for query: Were there any specific problems or errors discuss...
2025-05-27 00:33:32,837 - INFO - Initialized TF-IDF vectorizer with dimension 384
2025-05-27 00:33:32,840 - INFO - Loading faiss with AVX512 support.
2025-05-27 00:33:32,841 - INFO - Could not load library with AVX512 support due to:
ModuleNotFoundError("No module named 'faiss.swigfaiss_avx512'")
2025-05-27 00:33:32,841 - INFO - Loading faiss with AVX2 support.
2025-05-27 00:33:32,891 - INFO - Successfully loaded faiss with AVX2 support.
2025-05-27 00:33:32,895 - INFO - Failed to load GPU Faiss: name 'GpuIndexIVFFlat' is not defined. Will not load constructor refs for GPU indexes. This is only an error if you're trying to use GPU Faiss.
2025-05-27 00:33:32,896 - INFO - Initialized VectorStore with dim=384, index_type=L2
2025-05-27 00:33:32,906 - INFO - Starting to process file: data/raw_exports/Viwat  Default Payway integration.json
2025-05-27 00:33:32,907 - INFO - Reading file: data/raw_exports/Viwat  Default Payway integration.json
2025-05-27 00:33:32,909 - INFO - Successfully loaded 349 messages from data/raw_exports/Viwat  Default Payway integration.json
2025-05-27 00:33:32,910 - INFO - Generating chunks from messages
2025-05-27 00:33:32,910 - INFO - Starting to chunk 349 messages
2025-05-27 00:33:32,910 - INFO - Processing batch 1 (100 messages)
2025-05-27 00:33:32,912 - INFO - Processing batch 2 (100 messages)
2025-05-27 00:33:32,915 - INFO - Processing batch 3 (100 messages)
2025-05-27 00:33:32,917 - INFO - Processing batch 4 (49 messages)
2025-05-27 00:33:32,918 - INFO - Generated 340 chunks
2025-05-27 00:33:32,919 - INFO - Generating embeddings
2025-05-27 00:33:33,267 - INFO - Generated embeddings for 340 chunks with shape (340, 384)
2025-05-27 00:33:33,268 - INFO - Generated embeddings with shape (340, 384)
2025-05-27 00:33:33,268 - INFO - Adding vectors to store
2025-05-27 00:33:33,269 - INFO - Added batch of 340 vectors. Total vectors: 340
2025-05-27 00:33:33,269 - INFO - Saving vector store to data/embeddings/faiss_index.idx
2025-05-27 00:33:33,277 - INFO - Saved index to data/embeddings/faiss_index.idx with 340 vectors
2025-05-27 00:33:33,278 - INFO - Updated processing info for data/raw_exports/Viwat  Default Payway integration.json
2025-05-27 00:33:33,278 - INFO - Successfully processed file data/raw_exports/Viwat  Default Payway integration.json
2025-05-27 00:33:33,287 - INFO - Generated response for query: What is the main issue discussed about Payway inte...
2025-05-27 00:33:33,292 - INFO - Generated response for query: What solutions or steps were proposed for the inte...
2025-05-27 00:33:33,296 - INFO - Generated response for query: What are the key technical requirements mentioned?...
2025-05-27 00:33:33,301 - INFO - Generated response for query: Were there any specific problems or errors discuss...
